23:04:11.094 [MLog-Init-Reporter] INFO  com.mchange.v2.log.MLog - MLog clients using slf4j logging.
23:04:11.195 [main] INFO  com.mchange.v2.c3p0.C3P0Registry - Initializing c3p0-0.9.5.2 [built 08-December-2015 22:06:04 -0800; debug? true; trace: 10]
23:04:11.729 [main] INFO  org.hibernate.Version - HHH000412: Hibernate Core {5.2.1.Final}
23:04:11.734 [main] INFO  org.hibernate.cfg.Environment - HHH000206: hibernate.properties not found
23:04:11.736 [main] INFO  org.hibernate.cfg.Environment - HHH000021: Bytecode provider name : javassist
23:04:11.826 [main] INFO  o.h.annotations.common.Version - HCANN000001: Hibernate Commons Annotations {5.0.1.Final}
23:04:12.035 [main] INFO  c.m.v.c.i.AbstractPoolBackedDataSource - Initializing c3p0 pool... com.mchange.v2.c3p0.ComboPooledDataSource [ acquireIncrement -> 1, acquireRetryAttempts -> 30, acquireRetryDelay -> 1000, autoCommitOnClose -> false, automaticTestTable -> null, breakAfterAcquireFailure -> false, checkoutTimeout -> 0, connectionCustomizerClassName -> null, connectionTesterClassName -> com.mchange.v2.c3p0.impl.DefaultConnectionTester, contextClassLoaderSource -> caller, dataSourceName -> z8kfsx9j7g73sq1hb9lun|59b38691, debugUnreturnedConnectionStackTraces -> false, description -> null, driverClass -> com.mysql.jdbc.Driver, extensions -> {}, factoryClassLocation -> null, forceIgnoreUnresolvedTransactions -> false, forceSynchronousCheckins -> false, forceUseNamedDriverClass -> false, identityToken -> z8kfsx9j7g73sq1hb9lun|59b38691, idleConnectionTestPeriod -> 0, initialPoolSize -> 3, jdbcUrl -> jdbc:mysql://localhost:3306/RestaurantCRM, maxAdministrativeTaskTime -> 0, maxConnectionAge -> 0, maxIdleTime -> 0, maxIdleTimeExcessConnections -> 0, maxPoolSize -> 10, maxStatements -> 0, maxStatementsPerConnection -> 0, minPoolSize -> 1, numHelperThreads -> 3, preferredTestQuery -> null, privilegeSpawnedThreads -> false, properties -> {user=******, password=******}, propertyCycle -> 0, statementCacheNumDeferredCloseThreads -> 0, testConnectionOnCheckin -> false, testConnectionOnCheckout -> false, unreturnedConnectionTimeout -> 0, userOverrides -> {}, usesTraditionalReflectiveProxies -> false ]
23:04:12.429 [main] INFO  org.hibernate.dialect.Dialect - HHH000400: Using dialect: org.hibernate.dialect.MySQL5Dialect
23:04:15.500 [main] WARN  org.hibernate.orm.connections - HHH10001002: Using Hibernate built-in connection pool (not for production use!)
23:04:15.502 [main] INFO  org.hibernate.orm.connections - HHH10001005: using driver [com.mysql.jdbc.Driver] at URL [jdbc:mysql://localhost:3306/RestaurantCRM]
23:04:15.503 [main] INFO  org.hibernate.orm.connections - HHH10001001: Connection properties: {user=root, password=****}
23:04:15.504 [main] INFO  org.hibernate.orm.connections - HHH10001003: Autocommit mode: false
23:04:15.510 [main] INFO  o.h.e.j.c.i.DriverManagerConnectionProviderImpl - HHH000115: Hibernate connection pool size: 20 (min=1)
23:04:15.534 [main] INFO  org.hibernate.dialect.Dialect - HHH000400: Using dialect: org.hibernate.dialect.MySQL5Dialect
23:04:15.578 [main] DEBUG org.hibernate.SQL - select max(id) from EMPLOYEE
23:04:15.636 [main] DEBUG org.hibernate.SQL - insert into EMPLOYEE (empl_date, first_name, phone, photo, position, salary, second_name, dtype, id) values (?, ?, ?, ?, ?, ?, ?, 'Employee', ?)
23:04:15.732 [main] INFO  c.g.l.web.configuration.AppLogging - ************************Website - Method is starting!************************
23:04:15.735 [main] INFO  c.g.l.web.configuration.AppLogging - Method execution(List com.gmail.liliyayalovchenko.dao.EmployeeDAO.getByFirstName(String))
23:04:15.736 [main] INFO  c.g.l.web.configuration.AppLogging - Method : getByFirstName
23:04:15.736 [main] INFO  c.g.l.web.configuration.AppLogging - Arguments : [FirstName]
23:04:15.760 [main] INFO  o.h.h.i.QueryTranslatorFactoryInitiator - HHH000397: Using ASTQueryTranslatorFactory
23:04:15.937 [main] DEBUG org.hibernate.SQL - select employee0_.id as id2_2_, employee0_.empl_date as empl_dat3_2_, employee0_.first_name as first_na4_2_, employee0_.phone as phone5_2_, employee0_.photo as photo6_2_, employee0_.position as position7_2_, employee0_.salary as salary8_2_, employee0_.second_name as second_n9_2_, employee0_.dtype as dtype1_2_ from EMPLOYEE employee0_ where employee0_.dtype in ('Employee', 'Cook', 'Waiter') and employee0_.first_name=?
23:04:15.960 [main] INFO  c.g.l.web.configuration.AppLogging - Method execution(List com.gmail.liliyayalovchenko.dao.EmployeeDAO.getByFirstName(String))
23:04:15.961 [main] INFO  c.g.l.web.configuration.AppLogging - Method : getByFirstName
23:04:15.961 [main] INFO  c.g.l.web.configuration.AppLogging - Arguments : [FirstName]
23:04:15.961 [main] INFO  c.g.l.web.configuration.AppLogging - ************************Website - Method is finishing!************************
23:04:15.969 [main] DEBUG org.hibernate.SQL - delete from EMPLOYEE where id=?
23:04:16.085 [main] WARN  org.hibernate.orm.connections - HHH10001002: Using Hibernate built-in connection pool (not for production use!)
23:04:16.086 [main] INFO  org.hibernate.orm.connections - HHH10001005: using driver [com.mysql.jdbc.Driver] at URL [jdbc:mysql://localhost:3306/RestaurantCRM]
23:04:16.086 [main] INFO  org.hibernate.orm.connections - HHH10001001: Connection properties: {user=root, password=****}
23:04:16.087 [main] INFO  org.hibernate.orm.connections - HHH10001003: Autocommit mode: false
23:04:16.087 [main] INFO  o.h.e.j.c.i.DriverManagerConnectionProviderImpl - HHH000115: Hibernate connection pool size: 20 (min=1)
23:04:16.097 [main] INFO  org.hibernate.dialect.Dialect - HHH000400: Using dialect: org.hibernate.dialect.MySQL5Dialect
23:04:16.124 [main] DEBUG org.hibernate.SQL - select max(id) from EMPLOYEE
23:04:16.127 [main] DEBUG org.hibernate.SQL - insert into EMPLOYEE (empl_date, first_name, phone, photo, position, salary, second_name, dtype, id) values (?, ?, ?, ?, ?, ?, ?, 'Employee', ?)
23:04:16.179 [main] INFO  c.g.l.web.configuration.AppLogging - ************************Website - Method is starting!************************
23:04:16.180 [main] INFO  c.g.l.web.configuration.AppLogging - Method execution(Employee com.gmail.liliyayalovchenko.dao.EmployeeDAO.getById(int))
23:04:16.180 [main] INFO  c.g.l.web.configuration.AppLogging - Method : getById
23:04:16.180 [main] INFO  c.g.l.web.configuration.AppLogging - Arguments : [5]
23:04:16.184 [main] DEBUG org.hibernate.SQL - select employee0_.id as id2_2_0_, employee0_.empl_date as empl_dat3_2_0_, employee0_.first_name as first_na4_2_0_, employee0_.phone as phone5_2_0_, employee0_.photo as photo6_2_0_, employee0_.position as position7_2_0_, employee0_.salary as salary8_2_0_, employee0_.second_name as second_n9_2_0_, employee0_.dtype as dtype1_2_0_ from EMPLOYEE employee0_ where employee0_.id=? and employee0_.dtype in ('Employee', 'Cook', 'Waiter')
23:04:16.191 [main] INFO  c.g.l.web.configuration.AppLogging - Method execution(Employee com.gmail.liliyayalovchenko.dao.EmployeeDAO.getById(int))
23:04:16.191 [main] INFO  c.g.l.web.configuration.AppLogging - Method : getById
23:04:16.191 [main] INFO  c.g.l.web.configuration.AppLogging - Arguments : [5]
23:04:16.192 [main] INFO  c.g.l.web.configuration.AppLogging - ************************Website - Method is finishing!************************
23:04:16.193 [main] DEBUG org.hibernate.SQL - delete from EMPLOYEE where id=?
23:07:55.474 [MLog-Init-Reporter] INFO  com.mchange.v2.log.MLog - MLog clients using slf4j logging.
23:07:55.594 [main] INFO  com.mchange.v2.c3p0.C3P0Registry - Initializing c3p0-0.9.5.2 [built 08-December-2015 22:06:04 -0800; debug? true; trace: 10]
23:07:56.132 [main] INFO  org.hibernate.Version - HHH000412: Hibernate Core {5.2.1.Final}
23:07:56.136 [main] INFO  org.hibernate.cfg.Environment - HHH000206: hibernate.properties not found
23:07:56.139 [main] INFO  org.hibernate.cfg.Environment - HHH000021: Bytecode provider name : javassist
23:07:56.218 [main] INFO  o.h.annotations.common.Version - HCANN000001: Hibernate Commons Annotations {5.0.1.Final}
23:07:56.425 [main] INFO  c.m.v.c.i.AbstractPoolBackedDataSource - Initializing c3p0 pool... com.mchange.v2.c3p0.ComboPooledDataSource [ acquireIncrement -> 1, acquireRetryAttempts -> 30, acquireRetryDelay -> 1000, autoCommitOnClose -> false, automaticTestTable -> null, breakAfterAcquireFailure -> false, checkoutTimeout -> 0, connectionCustomizerClassName -> null, connectionTesterClassName -> com.mchange.v2.c3p0.impl.DefaultConnectionTester, contextClassLoaderSource -> caller, dataSourceName -> z8kfsx9j7gbwxv1dxj28n|6aa3a905, debugUnreturnedConnectionStackTraces -> false, description -> null, driverClass -> com.mysql.jdbc.Driver, extensions -> {}, factoryClassLocation -> null, forceIgnoreUnresolvedTransactions -> false, forceSynchronousCheckins -> false, forceUseNamedDriverClass -> false, identityToken -> z8kfsx9j7gbwxv1dxj28n|6aa3a905, idleConnectionTestPeriod -> 0, initialPoolSize -> 3, jdbcUrl -> jdbc:mysql://localhost:3306/RestaurantCRM, maxAdministrativeTaskTime -> 0, maxConnectionAge -> 0, maxIdleTime -> 0, maxIdleTimeExcessConnections -> 0, maxPoolSize -> 10, maxStatements -> 0, maxStatementsPerConnection -> 0, minPoolSize -> 1, numHelperThreads -> 3, preferredTestQuery -> null, privilegeSpawnedThreads -> false, properties -> {user=******, password=******}, propertyCycle -> 0, statementCacheNumDeferredCloseThreads -> 0, testConnectionOnCheckin -> false, testConnectionOnCheckout -> false, unreturnedConnectionTimeout -> 0, userOverrides -> {}, usesTraditionalReflectiveProxies -> false ]
23:07:56.900 [main] INFO  org.hibernate.dialect.Dialect - HHH000400: Using dialect: org.hibernate.dialect.MySQL5Dialect
23:07:59.752 [main] WARN  org.hibernate.orm.connections - HHH10001002: Using Hibernate built-in connection pool (not for production use!)
23:07:59.754 [main] INFO  org.hibernate.orm.connections - HHH10001005: using driver [com.mysql.jdbc.Driver] at URL [jdbc:mysql://localhost:3306/RestaurantCRM]
23:07:59.754 [main] INFO  org.hibernate.orm.connections - HHH10001001: Connection properties: {user=root, password=****}
23:07:59.755 [main] INFO  org.hibernate.orm.connections - HHH10001003: Autocommit mode: false
23:07:59.759 [main] INFO  o.h.e.j.c.i.DriverManagerConnectionProviderImpl - HHH000115: Hibernate connection pool size: 20 (min=1)
23:07:59.775 [main] INFO  org.hibernate.dialect.Dialect - HHH000400: Using dialect: org.hibernate.dialect.MySQL5Dialect
23:07:59.841 [main] DEBUG org.hibernate.SQL - select max(id) from MENU
23:07:59.906 [main] DEBUG org.hibernate.SQL - insert into MENU (name, id) values (?, ?)
23:08:00.053 [main] DEBUG org.hibernate.SQL - select max(id) from INGREDIENT
23:08:00.055 [main] DEBUG org.hibernate.SQL - insert into INGREDIENT (name, id) values (?, ?)
23:08:00.165 [main] DEBUG org.hibernate.SQL - select max(id) from DISH
23:08:00.179 [main] DEBUG org.hibernate.SQL - insert into DISH (category, menu_id, name, photo, price, weight, id) values (?, ?, ?, ?, ?, ?, ?)
23:08:00.183 [main] DEBUG org.hibernate.SQL - insert into DISH_INGREDIENTS (dish_id, ingredient_id) values (?, ?)
23:08:00.252 [main] INFO  c.g.l.web.configuration.AppLogging - ************************Website - Method is starting!************************
23:08:00.254 [main] INFO  c.g.l.web.configuration.AppLogging - Method execution(Dish com.gmail.liliyayalovchenko.dao.DishDAO.getDishByName(String))
23:08:00.255 [main] INFO  c.g.l.web.configuration.AppLogging - Method : getDishByName
23:08:00.255 [main] INFO  c.g.l.web.configuration.AppLogging - Arguments : [Melon fresh]
23:08:00.258 [main] WARN  org.hibernate.orm.deprecation - HHH90000022: Hibernate's legacy org.hibernate.Criteria API is deprecated; use the JPA javax.persistence.criteria.CriteriaQuery instead
23:08:00.291 [main] DEBUG org.hibernate.SQL - select this_.id as id1_0_0_, this_.category as category2_0_0_, this_.menu_id as menu_id7_0_0_, this_.name as name3_0_0_, this_.photo as photo4_0_0_, this_.price as price5_0_0_, this_.weight as weight6_0_0_ from DISH this_ where this_.name=?
23:08:00.318 [main] DEBUG org.hibernate.SQL - select menu0_.id as id1_4_0_, menu0_.name as name2_4_0_ from MENU menu0_ where menu0_.id=?
23:08:00.331 [main] DEBUG org.hibernate.SQL - select dishlist0_.menu_id as menu_id7_0_0_, dishlist0_.id as id1_0_0_, dishlist0_.id as id1_0_1_, dishlist0_.category as category2_0_1_, dishlist0_.menu_id as menu_id7_0_1_, dishlist0_.name as name3_0_1_, dishlist0_.photo as photo4_0_1_, dishlist0_.price as price5_0_1_, dishlist0_.weight as weight6_0_1_ from DISH dishlist0_ where dishlist0_.menu_id=?
23:08:00.340 [main] DEBUG org.hibernate.SQL - select ingredient0_.dish_id as dish_id1_1_0_, ingredient0_.ingredient_id as ingredie2_1_0_, ingredient1_.id as id1_3_1_, ingredient1_.name as name2_3_1_ from DISH_INGREDIENTS ingredient0_ inner join INGREDIENT ingredient1_ on ingredient0_.ingredient_id=ingredient1_.id where ingredient0_.dish_id=?
23:08:00.344 [main] INFO  c.g.l.web.configuration.AppLogging - Method execution(Dish com.gmail.liliyayalovchenko.dao.DishDAO.getDishByName(String))
23:08:00.344 [main] INFO  c.g.l.web.configuration.AppLogging - Method : getDishByName
23:08:00.345 [main] INFO  c.g.l.web.configuration.AppLogging - Arguments : [Melon fresh]
23:08:00.345 [main] INFO  c.g.l.web.configuration.AppLogging - ************************Website - Method is finishing!************************
23:08:00.354 [main] DEBUG org.hibernate.SQL - delete from DISH_INGREDIENTS where dish_id=?
23:08:00.356 [main] DEBUG org.hibernate.SQL - delete from DISH where id=?
23:08:00.454 [main] DEBUG org.hibernate.SQL - delete from INGREDIENT where id=?
23:08:00.456 [main] DEBUG org.hibernate.SQL - delete from MENU where id=?
